01:10:07.126 [main] INFO  testCases.TC001_AccountRegistrationTest - **** Strating test case TC0001 ****
01:10:07.611 [main] INFO  testCases.TC001_AccountRegistrationTest - Clicked on my account link
01:10:08.102 [main] INFO  testCases.TC001_AccountRegistrationTest - Clicked on my registration link
01:10:08.110 [main] INFO  testCases.TC001_AccountRegistrationTest - providing customer details
01:10:09.379 [main] INFO  testCases.TC001_AccountRegistrationTest - validating expected message
01:11:45.934 [main] INFO  testCases.TC001_AccountRegistrationTest - **** Strating test case TC0001 ****
01:11:46.289 [main] INFO  testCases.TC001_AccountRegistrationTest - Clicked on my account link
01:11:46.794 [main] INFO  testCases.TC001_AccountRegistrationTest - Clicked on my registration link
01:11:46.797 [main] INFO  testCases.TC001_AccountRegistrationTest - providing customer details
01:11:48.192 [main] INFO  testCases.TC001_AccountRegistrationTest - validating expected message
01:15:14.146 [main] INFO  testCases.TC001_AccountRegistrationTest - **** Strating test case TC0001 ****
01:15:14.256 [main] INFO  testCases.TC001_AccountRegistrationTest - Clicked on my account link
01:15:14.706 [main] INFO  testCases.TC001_AccountRegistrationTest - Clicked on my registration link
01:15:14.708 [main] INFO  testCases.TC001_AccountRegistrationTest - providing customer details
01:15:15.945 [main] INFO  testCases.TC001_AccountRegistrationTest - validating expected message
01:15:16.029 [main] ERROR testCases.TC001_AccountRegistrationTest - Test failed....
01:20:19.161 [main] INFO  testCases.TC001_AccountRegistrationTest - **** Strating test case TC0001 ****
01:20:19.361 [main] INFO  testCases.TC001_AccountRegistrationTest - Clicked on my account link
01:20:19.873 [main] INFO  testCases.TC001_AccountRegistrationTest - Clicked on my registration link
01:20:19.877 [main] INFO  testCases.TC001_AccountRegistrationTest - providing customer details
01:20:21.512 [main] INFO  testCases.TC001_AccountRegistrationTest - validating expected message
01:20:21.599 [main] INFO  testCases.TC001_AccountRegistrationTest - **** Finished TC0001 ****
11:24:50.481 [main] INFO  testCases.TC001_AccountRegistrationTest - **** Strating test case TC0001 ****
11:24:50.553 [main] INFO  testCases.TC001_AccountRegistrationTest - Clicked on my account link
11:24:51.062 [main] INFO  testCases.TC001_AccountRegistrationTest - Clicked on my registration link
11:24:51.064 [main] INFO  testCases.TC001_AccountRegistrationTest - providing customer details
11:24:52.100 [main] INFO  testCases.TC001_AccountRegistrationTest - validating expected message
11:24:52.148 [main] INFO  testCases.TC001_AccountRegistrationTest - **** Finished TC0001 ****
12:12:01.408 [main] INFO  testCases.TC001_AccountRegistrationTest - **** Strating test case TC0001 ****
12:12:01.486 [main] INFO  testCases.TC001_AccountRegistrationTest - Clicked on my account link
12:12:01.849 [main] INFO  testCases.TC001_AccountRegistrationTest - Clicked on my registration link
12:12:01.850 [main] INFO  testCases.TC001_AccountRegistrationTest - providing customer details
12:12:02.667 [main] INFO  testCases.TC001_AccountRegistrationTest - validating expected message
12:12:02.713 [main] INFO  testCases.TC001_AccountRegistrationTest - **** Finished TC0001 ****
